SF:lib\app\injector.dart
DA:12,3
DA:14,0
DA:15,0
DA:16,0
DA:18,0
DA:19,0
DA:21,0
DA:23,0
LF:8
LH:1
end_of_record
SF:lib\app\interactor\actions\project_actions.dart
DA:17,0
DA:18,0
DA:19,0
DA:21,0
DA:22,0
DA:26,0
DA:27,0
DA:28,0
DA:29,0
DA:33,1
DA:34,2
DA:35,2
DA:37,1
DA:38,1
DA:39,2
DA:40,2
DA:43,2
DA:46,1
DA:47,2
DA:50,1
DA:51,1
DA:52,1
DA:53,2
DA:54,2
DA:58,1
DA:59,3
DA:60,7
DA:61,2
DA:62,1
DA:64,1
DA:69,1
DA:70,2
DA:72,1
DA:73,1
DA:74,1
DA:75,2
DA:76,2
DA:80,1
DA:81,3
DA:82,7
DA:86,1
DA:87,2
DA:88,2
DA:89,1
DA:90,1
DA:93,0
DA:94,0
DA:95,0
DA:98,0
DA:99,0
DA:100,0
DA:103,0
DA:105,0
LF:53
LH:36
end_of_record
SF:lib\app\interactor\entities\project_entity.dart
DA:12,1
DA:19,0
DA:20,0
DA:21,0
DA:28,1
DA:34,1
DA:35,1
DA:36,1
DA:37,1
DA:38,1
DA:42,1
DA:43,6
LF:12
LH:9
end_of_record
SF:lib\app\interactor\states\project_states.dart
DA:5,4
DA:6,3
DA:7,3
LF:3
LH:3
end_of_record
SF:lib\app\core\extensions\value_notifier_extensions.dart
DA:4,2
DA:5,1
LF:2
LH:2
end_of_record
SF:lib\app\data\repositories\realm\adapters\project_adapter.dart
DA:7,0
DA:8,0
DA:9,0
DA:10,0
DA:11,0
DA:12,0
DA:16,0
DA:17,0
DA:18,0
DA:19,0
DA:20,0
DA:21,0
LF:12
LH:0
end_of_record
SF:lib\app\data\repositories\realm\models\project_model.realm.dart
DA:12,0
DA:18,0
DA:19,0
DA:20,0
DA:21,0
DA:24,0
DA:26,0
DA:27,0
DA:28,0
DA:29,0
DA:31,0
DA:32,0
DA:33,0
DA:34,0
DA:36,0
DA:38,0
DA:39,0
DA:41,0
DA:43,0
DA:45,0
DA:46,0
DA:47,0
DA:49,0
DA:51,0
DA:53,0
DA:56,0
DA:58,0
DA:59,0
DA:61,0
DA:62,0
DA:63,0
DA:64,0
DA:65,0
DA:66,0
DA:70,0
DA:71,0
DA:72,0
DA:75,0
DA:76,0
DA:77,0
DA:78,0
DA:80,0
DA:81,0
DA:82,0
DA:83,0
DA:84,0
DA:86,0
DA:90,0
DA:91,0
DA:92,0
DA:100,0
DA:102,0
DA:103,0
LF:53
LH:0
end_of_record
SF:lib\app\data\repositories\realm\realm_project_repository.dart
DA:10,0
DA:11,0
DA:12,0
DA:15,0
DA:22,0
DA:24,0
DA:27,0
DA:28,0
DA:29,0
DA:30,0
DA:31,0
DA:35,0
DA:38,0
DA:39,0
DA:40,0
DA:42,0
DA:43,0
DA:44,0
DA:48,0
DA:51,0
DA:52,0
DA:53,0
DA:55,0
DA:56,0
DA:57,0
LF:25
LH:0
end_of_record
SF:lib\app\interactor\exceptions\exceptions.dart
DA:4,0
LF:1
LH:0
end_of_record
SF:lib\app\data\services\filepicker_choose_directory_servive.dart
DA:5,0
DA:7,0
LF:2
LH:0
end_of_record
SF:lib\app\data\services\io_git_service.dart
DA:6,0
DA:8,0
DA:10,0
DA:11,0
DA:14,0
DA:15,0
DA:18,0
DA:19,0
DA:21,0
DA:22,0
DA:23,0
DA:24,0
DA:26,0
LF:13
LH:0
end_of_record
SF:lib\app\data\services\io_launcher_service.dart
DA:6,0
DA:8,0
LF:2
LH:0
end_of_record
